 PATH Path-4 FOUND 
Scale factor = 1.000000
 0) 0.00,106.83
    116.18,214.84
    232.36,329.29
    232.36,450.19
    351.02,576.54
    475.58,704.75
    475.58,834.83
    607.80,960.35
    745.28,1081.52
    745.28,1198.33
    889.87,1314.42
    1033.50,1426.85
    1033.50,1535.62
    1172.70,1644.05
    1306.44,1750.88
    1306.44,1856.12
    1431.00,1962.95
    1555.56,2069.78
 PATH Path-3 FOUND 
Scale factor = 1.000000
 1) 0.00,125.08
    66.73,260.85
    128.89,406.28
    128.89,561.38
    189.26,740.63
    254.57,928.58
    254.57,1125.23
    335.20,1334.02
    425.25,1546.01
    425.25,1761.23
    542.47,1983.78
    675.07,2195.78
    675.07,2397.22
    839.47,2581.41
    1008.80,2758.25
    1008.80,2927.72
    1190.41,3081.06
    1371.49,3220.98
    1371.49,3347.49
    1552.96,3468.58
    1725.52,3579.38
    1725.52,3679.89
    1885.48,3778.13
    2039.90,3873.02
    2039.90,3964.57
    2189.83,4056.11
    2333.33,4147.03
    2333.33,4237.33
    2450.54,4328.88
    2553.95,4425.54
    2553.95,4527.33
    2639.00,4635.06
    2716.79,4751.46
 PATH Path FOUND 
Scale factor = 1.000000
 2) 0.00,134.72
    9.30,288.18
    11.95,478.29
    11.95,700.73
    18.04,937.82
    51.50,1196.73
    51.50,1475.89
    127.42,1757.24
    237.57,2034.19
    237.57,2305.50
    400.33,2572.62
    593.80,2809.99
    593.80,3025.29
    810.02,3221.61
    1039.41,3389.77
    1039.41,3521.59
    1286.84,3644.23
    1554.13,3734.89
    1554.13,3799.26
    1842.97,3858.04
    2128.61,3889.79
    2128.61,3905.73
    2395.90,3913.91
    2656.91,3918.88
    2656.91,3917.33
    2886.29,3915.78
    3097.80,3920.76
    3097.80,3932.27
    3284.58,3948.33
    3444.99,3983.11
    3444.99,4026.99
    3578.88,4083.19
    3675.71,4161.73
    3675.71,4247.38
    3731.63,4351.48
    3777.82,4464.73
 PATH Path FOUND 
Scale factor = 1.000000
 3) 0.00,134.72
    9.30,288.18
    11.95,478.29
    11.95,700.73
    18.04,937.82
    51.50,1196.73
    51.50,1475.89
    127.42,1757.24
    237.57,2034.19
    237.57,2305.50
    400.33,2572.62
    593.80,2809.99
    593.80,3025.29
    810.02,3221.61
    1039.41,3389.77
    1039.41,3521.59
    1286.84,3644.23
    1554.13,3734.89
    1554.13,3799.26
    1842.97,3858.04
    2128.61,3889.79
    2128.61,3905.73
    2395.90,3913.91
    2656.91,3918.88
    2656.91,3917.33
    2886.29,3915.78
    3097.80,3920.76
    3097.80,3932.27
    3284.58,3948.33
    3444.99,3983.11
    3444.99,4026.99
    3578.88,4083.19
    3675.71,4161.73
    3675.71,4247.38
    3731.63,4351.48
    3777.82,4464.73
 PATH Path FOUND 
Scale factor = 1.000000
 4) 0.00,134.72
    9.30,288.18
    11.95,478.29
    11.95,700.73
    18.04,937.82
    51.50,1196.73
    51.50,1475.89
    142.84,1774.53
    268.65,2073.17
    268.65,2371.81
    441.32,2671.33
    644.69,2941.11
    644.69,3188.82
    885.99,3409.86
    1131.69,3599.97
    1131.69,3763.85
    1392.10,3901.49
    1672.38,4007.16
    1672.38,4086.54
    1960.00,4145.43
    2245.63,4177.19
    2245.63,4193.23
    2521.89,4205.43
    2782.90,4210.41
    2782.90,4209.23
    3009.31,4209.84
    3220.82,4214.81
    3220.82,4228.81
    3411.98,4253.81
    3574.81,4294.57
    3574.81,4356.35
    3708.70,4412.55
    3805.53,4491.09
    3805.53,4576.74
    3861.45,4680.84
    3907.64,4794.09

Object origin:
1953.817808 2343.630873

Eagle Command:
set wire_bend 2;
change layer 1;
set width 0.100000;
poly (R -19.538178 23.436309) (R -18.376378 22.356251) (R -17.214578 21.211741) (R -17.214578 20.002777) (R -16.027944 18.739232) (R -14.782356 17.457101) (R -14.782356 16.156384) (R -13.460203 14.901144) (R -12.085384 13.689478) (R -12.085384 12.521386) (R -10.639495 11.360425) (R -9.203151 10.236118) (R -9.203151 9.148464) (R -7.811218 8.064159) (R -6.473728 6.995832) (R -6.473728 5.943481) (R -5.228140 4.875154) (R -3.982551 3.806826) (R -19.538178 23.436309);
poly (R -19.538178 23.253814) (R -18.870909 21.896163) (R -18.249244 20.441835) (R -18.249244 18.890829) (R -17.645610 17.098312) (R -16.992451 15.218809) (R -16.992451 13.252320) (R -16.186174 11.164477) (R -15.285628 9.044494) (R -15.285628 6.892373) (R -14.113528 4.666817) (R -12.787448 2.546834) (R -12.787448 0.532425) (R -11.143468 -1.309505) (R -9.450159 -3.077847) (R -9.450159 -4.772601) (R -7.634044 -6.305982) (R -5.823303 -7.705213) (R -5.823303 -8.970295) (R -4.008596 -10.181133) (R -2.282985 -11.289137) (R -2.282985 -12.294306) (R -0.683375 -13.276669) (R 0.860833 -14.225576) (R 0.860833 -15.141027) (R 2.360170 -16.056479) (R 3.795170 -16.965699) (R 3.795170 -17.868687) (R 4.967270 -18.784139) (R 6.001310 -19.750812) (R 6.001310 -20.768707) (R 6.851817 -21.845961) (R 7.629752 -23.009999) (R -19.538178 23.253814);
poly (R -19.538178 23.157420) (R -19.445209 21.622869) (R -19.418653 19.721737) (R -19.418653 17.497357) (R -19.357809 15.126422) (R -19.023199 12.537287) (R -19.023199 9.745766) (R -18.263962 6.932274) (R -17.162521 4.162753) (R -17.162521 1.449597) (R -15.534832 -1.221568) (R -13.600194 -3.595224) (R -13.600194 -5.748306) (R -11.437981 -7.711454) (R -9.144090 -9.393039) (R -9.144090 -10.711293) (R -6.669783 -11.937625) (R -3.996856 -12.844234) (R -3.996856 -13.487996) (R -1.108444 -14.075733) (R 1.747875 -14.393302) (R 1.747875 -14.552632) (R 4.420802 -14.634436) (R 7.030872 -14.684210) (R 7.030872 -14.668710) (R 9.324763 -14.653211) (R 11.439810 -14.702985) (R 11.439810 -14.818032) (R 13.307609 -14.978640) (R 14.911703 -15.326424) (R 14.911703 -15.765268) (R 16.250593 -16.327259) (R 17.218967 -17.112629) (R 17.218967 -17.969140) (R 17.778104 -19.010127) (R 18.239978 -20.142675) (R -19.538178 23.157420);
poly (R -19.538178 23.157420) (R -19.445209 21.622869) (R -19.418653 19.721737) (R -19.418653 17.497357) (R -19.357809 15.126422) (R -19.023199 12.537287) (R -19.023199 9.745766) (R -18.263962 6.932274) (R -17.162521 4.162753) (R -17.162521 1.449597) (R -15.534832 -1.221568) (R -13.600194 -3.595224) (R -13.600194 -5.748306) (R -11.437981 -7.711454) (R -9.144090 -9.393039) (R -9.144090 -10.711293) (R -6.669783 -11.937625) (R -3.996856 -12.844234) (R -3.996856 -13.487996) (R -1.108444 -14.075733) (R 1.747875 -14.393302) (R 1.747875 -14.552632) (R 4.420802 -14.634436) (R 7.030872 -14.684210) (R 7.030872 -14.668710) (R 9.324763 -14.653211) (R 11.439810 -14.702985) (R 11.439810 -14.818032) (R 13.307609 -14.978640) (R 14.911703 -15.326424) (R 14.911703 -15.765268) (R 16.250593 -16.327259) (R 17.218967 -17.112629) (R 17.218967 -17.969140) (R 17.778104 -19.010127) (R 18.239978 -20.142675) (R -19.538178 23.157420);
poly (R -19.538178 23.157420) (R -19.445209 21.622869) (R -19.418653 19.721737) (R -19.418653 17.497357) (R -19.357809 15.126422) (R -19.023199 12.537287) (R -19.023199 9.745766) (R -18.109827 6.759353) (R -16.851674 3.772941) (R -16.851674 0.786529) (R -15.124974 -2.208698) (R -13.091325 -4.906418) (R -13.091325 -7.383563) (R -10.678256 -9.593939) (R -8.221247 -11.495070) (R -8.221247 -13.133859) (R -5.617129 -14.510268) (R -2.814391 -15.566955) (R -2.814391 -16.360794) (R 0.061829 -16.949650) (R 2.918148 -17.267219) (R 2.918148 -17.427657) (R 5.680729 -17.549711) (R 8.290799 -17.599485) (R 8.290799 -17.587641) (R 10.554932 -17.593721) (R 12.669979 -17.643495) (R 12.669979 -17.783472) (R 14.581595 -18.033505) (R 16.209903 -18.441070) (R 16.209903 -19.058901) (R 17.548793 -19.620893) (R 18.517167 -20.406262) (R 18.517167 -21.262774) (R 19.076305 -22.303761) (R 19.538178 -23.436309) (R -19.538178 23.157420);

